Using pre-set license
Built from '2020.3/staging' branch; Version is '2020.3.24f1 (79c78de19888) revision 7980941'; Using compiler version '192528614'; Build Type 'Release'
OS: 'Windows 10  (10.0.19043) 64bit Professional' Language: 'pl' Physical Memory: 15741 MB
BatchMode: 1, IsHumanControllingUs: 0, StartBugReporterOnCrash: 0, Is64bit: 1, IsPro: 0

COMMAND LINE ARGUMENTS:
C:\Program Files\Unity\Hub\Editor\2020.3.24f1\Editor\Unity.exe
-adb2
-batchMode
-noUpm
-name
AssetImportWorker0
-projectPath
C:/Users/kubak/UnityProjects/GlobalWorming
-logFile
Logs/AssetImportWorker0.log
-srvPort
61307
Successfully changed project path to: C:/Users/kubak/UnityProjects/GlobalWorming
C:/Users/kubak/UnityProjects/GlobalWorming
Using Asset Import Pipeline V2.
Refreshing native plugins compatible for Editor in 62.20 ms, found 2 plugins.
Preloading 0 native plugins for Editor in 0.00 ms.
Initialize engine version: 2020.3.24f1 (79c78de19888)
[Subsystems] Discovering subsystems at path C:/Program Files/Unity/Hub/Editor/2020.3.24f1/Editor/Data/Resources/UnitySubsystems
[Subsystems] Discovering subsystems at path C:/Users/kubak/UnityProjects/GlobalWorming/Assets
GfxDevice: creating device client; threaded=0
Direct3D:
    Version:  Direct3D 11.0 [level 11.1]
    Renderer: NVIDIA GeForce GTX 1660 Ti (ID=0x2191)
    Vendor:   
    VRAM:     5991 MB
    Driver:   27.21.14.6192
Initialize mono
Mono path[0] = 'C:/Program Files/Unity/Hub/Editor/2020.3.24f1/Editor/Data/Managed'
Mono path[1] = 'C:/Program Files/Unity/Hub/Editor/2020.3.24f1/Editor/Data/MonoBleedingEdge/lib/mono/unityjit'
Mono config path = 'C:/Program Files/Unity/Hub/Editor/2020.3.24f1/Editor/Data/MonoBleedingEdge/etc'
Using monoOptions --debugger-agent=transport=dt_socket,embedding=1,server=y,suspend=n,address=127.0.0.1:56012
Begin MonoManager ReloadAssembly
Registering precompiled unity dll's ...
Register platform support module: C:/Program Files/Unity/Hub/Editor/2020.3.24f1/Editor/Data/PlaybackEngines/WindowsStandaloneSupport/UnityEditor.WindowsStandalone.Extensions.dll
Registered in 0.001834 seconds.
Native extension for WindowsStandalone target not found
Refreshing native plugins compatible for Editor in 65.76 ms, found 2 plugins.
Preloading 0 native plugins for Editor in 0.00 ms.
Mono: successfully reloaded assembly
- Completed reload, in  0.574 seconds
Domain Reload Profiling:
	ReloadAssembly (574ms)
		BeginReloadAssembly (45ms)
			ExecutionOrderSort (0ms)
			DisableScriptedObjects (0ms)
			BackupInstance (0ms)
			ReleaseScriptingObjects (0ms)
			CreateAndSetChildDomain (1ms)
		EndReloadAssembly (457ms)
			LoadAssemblies (43ms)
			RebuildTransferFunctionScriptingTraits (0ms)
			SetupTypeCache (142ms)
			ReleaseScriptCaches (0ms)
			RebuildScriptCaches (31ms)
			SetupLoadedEditorAssemblies (189ms)
				LogAssemblyErrors (0ms)
				InitializePlatformSupportModulesInManaged (4ms)
				SetLoadedEditorAssemblies (0ms)
				RefreshPlugins (66ms)
				BeforeProcessingInitializeOnLoad (16ms)
				ProcessInitializeOnLoadAttributes (77ms)
				ProcessInitializeOnLoadMethodAttributes (27ms)
				AfterProcessingInitializeOnLoad (0ms)
				EditorAssembliesLoaded (0ms)
			ExecutionOrderSort2 (0ms)
			AwakeInstancesAfterBackupRestoration (0ms)
Platform modules already initialized, skipping
Registering precompiled user dll's ...
Registered in 0.005095 seconds.
Begin MonoManager ReloadAssembly
Native extension for WindowsStandalone target not found
Refreshing native plugins compatible for Editor in 64.59 ms, found 2 plugins.
Preloading 0 native plugins for Editor in 0.00 ms.
Mono: successfully reloaded assembly
- Completed reload, in  1.862 seconds
Domain Reload Profiling:
	ReloadAssembly (1863ms)
		BeginReloadAssembly (134ms)
			ExecutionOrderSort (0ms)
			DisableScriptedObjects (4ms)
			BackupInstance (0ms)
			ReleaseScriptingObjects (0ms)
			CreateAndSetChildDomain (17ms)
		EndReloadAssembly (1671ms)
			LoadAssemblies (89ms)
			RebuildTransferFunctionScriptingTraits (0ms)
			SetupTypeCache (323ms)
			ReleaseScriptCaches (1ms)
			RebuildScriptCaches (58ms)
			SetupLoadedEditorAssemblies (1087ms)
				LogAssemblyErrors (0ms)
				InitializePlatformSupportModulesInManaged (4ms)
				SetLoadedEditorAssemblies (0ms)
				RefreshPlugins (65ms)
				BeforeProcessingInitializeOnLoad (94ms)
				ProcessInitializeOnLoadAttributes (910ms)
				ProcessInitializeOnLoadMethodAttributes (9ms)
				AfterProcessingInitializeOnLoad (5ms)
				EditorAssembliesLoaded (0ms)
			ExecutionOrderSort2 (0ms)
			AwakeInstancesAfterBackupRestoration (5ms)
Platform modules already initialized, skipping
========================================================================
Worker process is ready to serve import requests
Launched and connected shader compiler UnityShaderCompiler.exe after 0.05 seconds
Refreshing native plugins compatible for Editor in 0.66 ms, found 2 plugins.
Preloading 0 native plugins for Editor in 0.00 ms.
Unloading 3694 Unused Serialized files (Serialized files now loaded: 0)
System memory in use before: 162.7 MB.
System memory in use after: 162.9 MB.

Unloading 25 unused Assets to reduce memory usage. Loaded Objects now: 4124.
Total: 4.143000 ms (FindLiveObjects: 0.346400 ms CreateObjectMapping: 0.084000 ms MarkObjects: 3.627600 ms  DeleteObjects: 0.083500 ms)

AssetImportParameters requested are different than current active one (requested -> active):
  custom:framework-win-MediaFoundation: 216162199b28c13a410421893ffa2e32 -> 
  custom:video-decoder-ogg-theora: a1e56fd34408186e4bbccfd4996cb3dc -> 
  custom:container-muxer-webm: aa71ff27fc2769a1b78a27578f13a17b -> 
  custom:container-demuxer-webm: 4f35f7cbe854078d1ac9338744f61a02 -> 
  custom:container-demuxer-ogg: 62fdf1f143b41e24485cea50d1cbac27 -> 
  custom:video-encoder-webm-vp8: eb34c28f22e8b96e1ab97ce403110664 -> 
  custom:video-codec-MediaFoundation-h265: e54d7ab0439102e2317fc1e4b246158d -> 
  custom:video-decoder-webm-vp8: 9c59270c3fd7afecdb556c50c9e8de78 -> 
  custom:audio-decoder-ogg-vorbis: bf7c407c2cedff20999df2af8eb42d56 -> 
  custom:audio-encoder-webm-vorbis: bf7c407c2cedff20999df2af8eb42d56 -> 
========================================================================
Received Import Request.
  path: Assets/InputSystem.inputsettings.asset
  artifactKey: Guid(f2bb06e8d7bcf46f7828bdedc2e0e2b9) Importer(815301076,1909f56bfc062723c751e8b465ee728b)
Start importing Assets/InputSystem.inputsettings.asset using Guid(f2bb06e8d7bcf46f7828bdedc2e0e2b9) Importer(815301076,1909f56bfc062723c751e8b465ee728b)  -> (artifact id: '03acec8d739ca2153bbfbd8ca14b305e') in 0.033129 seconds 
  Import took 0.039350 seconds .

========================================================================
Received Import Request.
  Time since last request: 0.000214 seconds.
  path: Assets/Mapa_3v2.fbx
  artifactKey: Guid(c5ca62926724687498200f0145925a58) Importer(815301076,1909f56bfc062723c751e8b465ee728b)
Start importing Assets/Mapa_3v2.fbx using Guid(c5ca62926724687498200f0145925a58) Importer(815301076,1909f56bfc062723c751e8b465ee728b)  -> (artifact id: 'f10666a7cea56ff73980daca117c78e8') in 1.390781 seconds 
  Import took 1.400821 seconds .

========================================================================
Received Import Request.
  Time since last request: 0.920620 seconds.
  path: Assets/Scenes
  artifactKey: Guid(8c586f58920f84cf1bdf2bca1eaadb81) Importer(815301076,1909f56bfc062723c751e8b465ee728b)
Start importing Assets/Scenes using Guid(8c586f58920f84cf1bdf2bca1eaadb81) Importer(815301076,1909f56bfc062723c751e8b465ee728b)  -> (artifact id: '070551dd78b70446ba3c4b23042ac973') in 0.005722 seconds 
  Import took 0.011344 seconds .

========================================================================
Received Import Request.
  Time since last request: 2.592511 seconds.
  path: Assets/Scenes/BasicScene.unity
  artifactKey: Guid(3a04aac5218ca4999a4d269825cce2af) Importer(815301076,1909f56bfc062723c751e8b465ee728b)
Start importing Assets/Scenes/BasicScene.unity using Guid(3a04aac5218ca4999a4d269825cce2af) Importer(815301076,1909f56bfc062723c751e8b465ee728b)  -> (artifact id: '35f84a273944dceee37756c36d3d022a') in 0.007158 seconds 
  Import took 0.012606 seconds .

========================================================================
Received Import Request.
  Time since last request: 31.002116 seconds.
  path: Assets/Scenes/CinemachineScene.unity
  artifactKey: Guid(6d61bc6d8d2ec44f8b8ded0bff45c70c) Importer(815301076,1909f56bfc062723c751e8b465ee728b)
Start importing Assets/Scenes/CinemachineScene.unity using Guid(6d61bc6d8d2ec44f8b8ded0bff45c70c) Importer(815301076,1909f56bfc062723c751e8b465ee728b)  -> (artifact id: 'aafb351a53aedf852c26bbf25f378d2c') in 0.006311 seconds 
  Import took 0.012313 seconds .

========================================================================
Received Import Request.
  Time since last request: 1.589277 seconds.
  path: Assets/Scenes/Containers_Map 1.unity
  artifactKey: Guid(b12538a826db4ea49a9b06381720ccd3) Importer(815301076,1909f56bfc062723c751e8b465ee728b)
Start importing Assets/Scenes/Containers_Map 1.unity using Guid(b12538a826db4ea49a9b06381720ccd3) Importer(815301076,1909f56bfc062723c751e8b465ee728b)  -> (artifact id: '7ce1ce482f61a3730dd6fe8152f0ace7') in 0.005833 seconds 
  Import took 0.011250 seconds .

========================================================================
Received Import Request.
  Time since last request: 2.685910 seconds.
  path: Assets/Scenes/Containers_Map.unity
  artifactKey: Guid(969d94ccff2084d4484a07197863178b) Importer(815301076,1909f56bfc062723c751e8b465ee728b)
Start importing Assets/Scenes/Containers_Map.unity using Guid(969d94ccff2084d4484a07197863178b) Importer(815301076,1909f56bfc062723c751e8b465ee728b)  -> (artifact id: '521872c4c5b0fe0d0127f54089d5200c') in 0.005725 seconds 
  Import took 0.011479 seconds .

========================================================================
Received Import Request.
  Time since last request: 0.836573 seconds.
  path: Assets/Scenes/DevScene.unity
  artifactKey: Guid(6c26a141d4da14fda98e15bcdd8650df) Importer(815301076,1909f56bfc062723c751e8b465ee728b)
Start importing Assets/Scenes/DevScene.unity using Guid(6c26a141d4da14fda98e15bcdd8650df) Importer(815301076,1909f56bfc062723c751e8b465ee728b)  -> (artifact id: '0b89e386b300e847b7ba39d596f88abb') in 0.005881 seconds 
  Import took 0.011451 seconds .

========================================================================
Received Import Request.
  Time since last request: 2.323575 seconds.
  path: Assets/Scenes/SampleScene.unity
  artifactKey: Guid(9fc0d4010bbf28b4594072e72b8655ab) Importer(815301076,1909f56bfc062723c751e8b465ee728b)
Start importing Assets/Scenes/SampleScene.unity using Guid(9fc0d4010bbf28b4594072e72b8655ab) Importer(815301076,1909f56bfc062723c751e8b465ee728b)  -> (artifact id: '3b7f7d62edf16cbb7bd0c408ec41eb51') in 0.005663 seconds 
  Import took 0.011278 seconds .

========================================================================
Received Prepare
Registering precompiled user dll's ...
Registered in 0.004768 seconds.
Begin MonoManager ReloadAssembly
Native extension for WindowsStandalone target not found
Refreshing native plugins compatible for Editor in 0.74 ms, found 2 plugins.
Preloading 0 native plugins for Editor in 0.00 ms.
Mono: successfully reloaded assembly
- Completed reload, in  1.209 seconds
Domain Reload Profiling:
	ReloadAssembly (1209ms)
		BeginReloadAssembly (131ms)
			ExecutionOrderSort (0ms)
			DisableScriptedObjects (6ms)
			BackupInstance (0ms)
			ReleaseScriptingObjects (0ms)
			CreateAndSetChildDomain (40ms)
		EndReloadAssembly (1022ms)
			LoadAssemblies (85ms)
			RebuildTransferFunctionScriptingTraits (0ms)
			SetupTypeCache (320ms)
			ReleaseScriptCaches (1ms)
			RebuildScriptCaches (41ms)
			SetupLoadedEditorAssemblies (441ms)
				LogAssemblyErrors (0ms)
				InitializePlatformSupportModulesInManaged (3ms)
				SetLoadedEditorAssemblies (0ms)
				RefreshPlugins (1ms)
				BeforeProcessingInitializeOnLoad (87ms)
				ProcessInitializeOnLoadAttributes (336ms)
				ProcessInitializeOnLoadMethodAttributes (7ms)
				AfterProcessingInitializeOnLoad (5ms)
				EditorAssembliesLoaded (0ms)
			ExecutionOrderSort2 (0ms)
			AwakeInstancesAfterBackupRestoration (12ms)
Platform modules already initialized, skipping
Refreshing native plugins compatible for Editor in 0.70 ms, found 2 plugins.
Preloading 0 native plugins for Editor in 0.00 ms.
Unloading 3553 Unused Serialized files (Serialized files now loaded: 0)
System memory in use before: 158.4 MB.
System memory in use after: 158.7 MB.

Unloading 18 unused Assets to reduce memory usage. Loaded Objects now: 4207.
Total: 4.468800 ms (FindLiveObjects: 0.345000 ms CreateObjectMapping: 0.083700 ms MarkObjects: 4.016100 ms  DeleteObjects: 0.022500 ms)

AssetImportParameters requested are different than current active one (requested -> active):
  custom:framework-win-MediaFoundation: 216162199b28c13a410421893ffa2e32 -> 
  custom:video-decoder-ogg-theora: a1e56fd34408186e4bbccfd4996cb3dc -> 
  custom:container-muxer-webm: aa71ff27fc2769a1b78a27578f13a17b -> 
  custom:container-demuxer-webm: 4f35f7cbe854078d1ac9338744f61a02 -> 
  custom:container-demuxer-ogg: 62fdf1f143b41e24485cea50d1cbac27 -> 
  custom:video-encoder-webm-vp8: eb34c28f22e8b96e1ab97ce403110664 -> 
  custom:video-codec-MediaFoundation-h265: e54d7ab0439102e2317fc1e4b246158d -> 
  custom:video-decoder-webm-vp8: 9c59270c3fd7afecdb556c50c9e8de78 -> 
  custom:audio-decoder-ogg-vorbis: bf7c407c2cedff20999df2af8eb42d56 -> 
  custom:audio-encoder-webm-vorbis: bf7c407c2cedff20999df2af8eb42d56 -> 
========================================================================
Received Import Request.
  Time since last request: 165.232462 seconds.
  path: Assets
  artifactKey: Guid(00000000000000001000000000000000) Importer(815301076,1909f56bfc062723c751e8b465ee728b)
Start importing Assets using Guid(00000000000000001000000000000000) Importer(815301076,1909f56bfc062723c751e8b465ee728b)  -> (artifact id: '42d402b061de3733987d63b9cc3b64de') in 0.010026 seconds 
  Import took 0.015993 seconds .

========================================================================
Received Import Request.
  Time since last request: 3.957521 seconds.
  path: Assets/Sprites
  artifactKey: Guid(718ea14ed38f21449aa86146f0817d23) Importer(815301076,1909f56bfc062723c751e8b465ee728b)
Start importing Assets/Sprites using Guid(718ea14ed38f21449aa86146f0817d23) Importer(815301076,1909f56bfc062723c751e8b465ee728b)  -> (artifact id: '8ad02a71889d9e3f157a2d5611f44dac') in 0.006187 seconds 
  Import took 0.011998 seconds .

========================================================================
Received Import Request.
  Time since last request: 8.745365 seconds.
  path: Assets/Sprites/attack-direction.png
  artifactKey: Guid(5ec7eae6c7a3a654cb5699db7cf17035) Importer(815301076,1909f56bfc062723c751e8b465ee728b)
Start importing Assets/Sprites/attack-direction.png using Guid(5ec7eae6c7a3a654cb5699db7cf17035) Importer(815301076,1909f56bfc062723c751e8b465ee728b)  -> (artifact id: 'cfa5878149a9dab808b252c0bafec53e') in 0.062747 seconds 
  Import took 0.068924 seconds .

========================================================================
Received Import Request.
  Time since last request: 0.000177 seconds.
  path: Assets/Sprites/HP-circle.png
  artifactKey: Guid(ecdb1c8dacef85743b9e40a9bfa2a521) Importer(815301076,1909f56bfc062723c751e8b465ee728b)
Start importing Assets/Sprites/HP-circle.png using Guid(ecdb1c8dacef85743b9e40a9bfa2a521) Importer(815301076,1909f56bfc062723c751e8b465ee728b)  -> (artifact id: '20954f7626aa110e6731d2c8e90b14c6') in 0.011328 seconds 
  Import took 0.016477 seconds .

========================================================================
Received Import Request.
  Time since last request: 0.000220 seconds.
  path: Assets/Sprites/low-hp-overlay.png
  artifactKey: Guid(8384516e7958dc04789a9e198e59ae47) Importer(815301076,1909f56bfc062723c751e8b465ee728b)
Start importing Assets/Sprites/low-hp-overlay.png using Guid(8384516e7958dc04789a9e198e59ae47) Importer(815301076,1909f56bfc062723c751e8b465ee728b)  -> (artifact id: 'cfeccd189974f76db61b9e3e9afb4644') in 0.011326 seconds 
  Import took 0.016473 seconds .

========================================================================
Received Import Request.
  Time since last request: 0.000239 seconds.
  path: Assets/Sprites/HP-background.png
  artifactKey: Guid(91c906b80df1ca0478d728255d6b0d1c) Importer(815301076,1909f56bfc062723c751e8b465ee728b)
Start importing Assets/Sprites/HP-background.png using Guid(91c906b80df1ca0478d728255d6b0d1c) Importer(815301076,1909f56bfc062723c751e8b465ee728b)  -> (artifact id: '034f27b8ccbd8739badb659702112c47') in 0.010483 seconds 
  Import took 0.016056 seconds .

========================================================================
Received Import Request.
  Time since last request: 0.000360 seconds.
  path: Assets/Sprites/gunsight.png
  artifactKey: Guid(79b126fca79fa9344836970142adeca7) Importer(815301076,1909f56bfc062723c751e8b465ee728b)
Start importing Assets/Sprites/gunsight.png using Guid(79b126fca79fa9344836970142adeca7) Importer(815301076,1909f56bfc062723c751e8b465ee728b)  -> (artifact id: 'e1b30e0f053920ae8d3b8731f17352bc') in 0.012870 seconds 
  Import took 0.018635 seconds .

========================================================================
Received Import Request.
  Time since last request: 0.000167 seconds.
  path: Assets/Sprites/enemy-health-border.png
  artifactKey: Guid(2956a1ea8fa7a7443993aa9c86c27acd) Importer(815301076,1909f56bfc062723c751e8b465ee728b)
Start importing Assets/Sprites/enemy-health-border.png using Guid(2956a1ea8fa7a7443993aa9c86c27acd) Importer(815301076,1909f56bfc062723c751e8b465ee728b)  -> (artifact id: '74acfbfd442498751c0e4d43749de02e') in 0.012964 seconds 
  Import took 0.019086 seconds .

========================================================================
Received Import Request.
  Time since last request: 0.000184 seconds.
  path: Assets/Sprites/enemy-health-bar.png
  artifactKey: Guid(7d28d0a4fe1425e44b2938b696f3bfec) Importer(815301076,1909f56bfc062723c751e8b465ee728b)
Start importing Assets/Sprites/enemy-health-bar.png using Guid(7d28d0a4fe1425e44b2938b696f3bfec) Importer(815301076,1909f56bfc062723c751e8b465ee728b)  -> (artifact id: '955f8e2940871a9e3c84bcc6eddc8ac6') in 0.012353 seconds 
  Import took 0.018652 seconds .

========================================================================
Received Import Request.
  Time since last request: 0.000232 seconds.
  path: Assets/Sprites/map-enemy.png
  artifactKey: Guid(6fcc7374c747a2c44afccb82696f2e2b) Importer(815301076,1909f56bfc062723c751e8b465ee728b)
Start importing Assets/Sprites/map-enemy.png using Guid(6fcc7374c747a2c44afccb82696f2e2b) Importer(815301076,1909f56bfc062723c751e8b465ee728b)  -> (artifact id: 'fd4d569eaeb6c60a33978212d4fff3aa') in 0.012470 seconds 
  Import took 0.019061 seconds .

========================================================================
Received Import Request.
  Time since last request: 0.000202 seconds.
  path: Assets/Sprites/map-player.png
  artifactKey: Guid(2e808b35cb9dc454cbcf07b5063961b5) Importer(815301076,1909f56bfc062723c751e8b465ee728b)
Start importing Assets/Sprites/map-player.png using Guid(2e808b35cb9dc454cbcf07b5063961b5) Importer(815301076,1909f56bfc062723c751e8b465ee728b)  -> (artifact id: 'eba57fd208c65e08435a0c38dea8f0d8') in 0.011721 seconds 
  Import took 0.017240 seconds .

========================================================================
Received Import Request.
  Time since last request: 0.000169 seconds.
  path: Assets/Sprites/score.png
  artifactKey: Guid(275922cba5ad7db418c39f0a3b562e31) Importer(815301076,1909f56bfc062723c751e8b465ee728b)
Start importing Assets/Sprites/score.png using Guid(275922cba5ad7db418c39f0a3b562e31) Importer(815301076,1909f56bfc062723c751e8b465ee728b)  -> (artifact id: '3c05a46bf064e143423dffeab23e26a6') in 0.011539 seconds 
  Import took 0.017648 seconds .

========================================================================
Received Import Request.
  Time since last request: 0.000213 seconds.
  path: Assets/Sprites/Weapon-icon.png
  artifactKey: Guid(db72185c048062047bd8327abde55429) Importer(815301076,1909f56bfc062723c751e8b465ee728b)
Start importing Assets/Sprites/Weapon-icon.png using Guid(db72185c048062047bd8327abde55429) Importer(815301076,1909f56bfc062723c751e8b465ee728b)  -> (artifact id: 'cbcb67afdd4801fb5396af094e9f4747') in 0.011116 seconds 
  Import took 0.016643 seconds .

========================================================================
Received Import Request.
  Time since last request: 0.000213 seconds.
  path: Assets/Sprites/weapons.png
  artifactKey: Guid(ef461edc481c5784d938bb84dc70d96e) Importer(815301076,1909f56bfc062723c751e8b465ee728b)
Start importing Assets/Sprites/weapons.png using Guid(ef461edc481c5784d938bb84dc70d96e) Importer(815301076,1909f56bfc062723c751e8b465ee728b)  -> (artifact id: '02752fd1f6a1c3a2678bdeec9e2effdd') in 0.011773 seconds 
  Import took 0.017466 seconds .

========================================================================
Received Import Request.
  Time since last request: 0.000177 seconds.
  path: Assets/Sprites/HP-bar.png
  artifactKey: Guid(a20417fd03d7f504d8dbf3767a36ee5d) Importer(815301076,1909f56bfc062723c751e8b465ee728b)
Start importing Assets/Sprites/HP-bar.png using Guid(a20417fd03d7f504d8dbf3767a36ee5d) Importer(815301076,1909f56bfc062723c751e8b465ee728b)  -> (artifact id: 'c25a2bb8e9cd98e81bfca6ea054b3193') in 0.010297 seconds 
  Import took 0.015714 seconds .

========================================================================
Received Import Request.
  Time since last request: 0.000231 seconds.
  path: Assets/Sprites/HP-border.png
  artifactKey: Guid(fea4a30b63530ab4fbfae91ce5b8ffab) Importer(815301076,1909f56bfc062723c751e8b465ee728b)
Start importing Assets/Sprites/HP-border.png using Guid(fea4a30b63530ab4fbfae91ce5b8ffab) Importer(815301076,1909f56bfc062723c751e8b465ee728b)  -> (artifact id: '1704e55c4716dc5efcabed6d4610237f') in 0.009834 seconds 
  Import took 0.014959 seconds .

========================================================================
Received Import Request.
  Time since last request: 0.000177 seconds.
  path: Assets/Sprites/HP-kit.png
  artifactKey: Guid(4d1495b95b9533540a697af65f7ff4bf) Importer(815301076,1909f56bfc062723c751e8b465ee728b)
Start importing Assets/Sprites/HP-kit.png using Guid(4d1495b95b9533540a697af65f7ff4bf) Importer(815301076,1909f56bfc062723c751e8b465ee728b)  -> (artifact id: '5d055723c89b6fdf3195765afdc5bafd') in 0.010867 seconds 
  Import took 0.015964 seconds .

========================================================================
Received Import Request.
  Time since last request: 0.000209 seconds.
  path: Assets/Sprites/map.png
  artifactKey: Guid(b8ea61cabb5832b4891a9b92fbd53a36) Importer(815301076,1909f56bfc062723c751e8b465ee728b)
Start importing Assets/Sprites/map.png using Guid(b8ea61cabb5832b4891a9b92fbd53a36) Importer(815301076,1909f56bfc062723c751e8b465ee728b)  -> (artifact id: '0a9956c5e51412e3420b2ef25cd9a1d1') in 0.009944 seconds 
  Import took 0.015415 seconds .

========================================================================
Received Import Request.
  Time since last request: 0.000220 seconds.
  path: Assets/Sprites/wave-counter.png
  artifactKey: Guid(3c0eeed3fd6473343a8d999b4d05911f) Importer(815301076,1909f56bfc062723c751e8b465ee728b)
Start importing Assets/Sprites/wave-counter.png using Guid(3c0eeed3fd6473343a8d999b4d05911f) Importer(815301076,1909f56bfc062723c751e8b465ee728b)  -> (artifact id: '7b0bd0817357117a5b2074bf528cac59') in 0.010282 seconds 
  Import took 0.016110 seconds .

========================================================================
Received Import Request.
  Time since last request: 22.727945 seconds.
  path: Assets/Sprites/attack-direction.png
  artifactKey: Guid(5ec7eae6c7a3a654cb5699db7cf17035) Importer(815301076,1909f56bfc062723c751e8b465ee728b)
Start importing Assets/Sprites/attack-direction.png using Guid(5ec7eae6c7a3a654cb5699db7cf17035) Importer(815301076,1909f56bfc062723c751e8b465ee728b)  -> (artifact id: 'de823334a3b8fc15ed459c2ad1db8bd1') in 0.022578 seconds 
  Import took 0.028086 seconds .

========================================================================
Received Import Request.
  Time since last request: 0.000203 seconds.
  path: Assets/Sprites/HP-circle.png
  artifactKey: Guid(ecdb1c8dacef85743b9e40a9bfa2a521) Importer(815301076,1909f56bfc062723c751e8b465ee728b)
Start importing Assets/Sprites/HP-circle.png using Guid(ecdb1c8dacef85743b9e40a9bfa2a521) Importer(815301076,1909f56bfc062723c751e8b465ee728b)  -> (artifact id: '5fb9f874994d8ca18fa00a3f9fcb0d49') in 0.014645 seconds 
  Import took 0.019946 seconds .

========================================================================
Received Import Request.
  Time since last request: 0.000187 seconds.
  path: Assets/Sprites/low-hp-overlay.png
  artifactKey: Guid(8384516e7958dc04789a9e198e59ae47) Importer(815301076,1909f56bfc062723c751e8b465ee728b)
Start importing Assets/Sprites/low-hp-overlay.png using Guid(8384516e7958dc04789a9e198e59ae47) Importer(815301076,1909f56bfc062723c751e8b465ee728b)  -> (artifact id: '16c361f2251caec082a96f642f6cb4aa') in 0.020322 seconds 
  Import took 0.026471 seconds .

========================================================================
Received Import Request.
  Time since last request: 0.000177 seconds.
  path: Assets/Sprites/HP-background.png
  artifactKey: Guid(91c906b80df1ca0478d728255d6b0d1c) Importer(815301076,1909f56bfc062723c751e8b465ee728b)
Start importing Assets/Sprites/HP-background.png using Guid(91c906b80df1ca0478d728255d6b0d1c) Importer(815301076,1909f56bfc062723c751e8b465ee728b)  -> (artifact id: '6105696d593933859a0b4b77ae554a76') in 0.012759 seconds 
  Import took 0.017917 seconds .

========================================================================
Received Import Request.
  Time since last request: 0.000210 seconds.
  path: Assets/Sprites/gunsight.png
  artifactKey: Guid(79b126fca79fa9344836970142adeca7) Importer(815301076,1909f56bfc062723c751e8b465ee728b)
Start importing Assets/Sprites/gunsight.png using Guid(79b126fca79fa9344836970142adeca7) Importer(815301076,1909f56bfc062723c751e8b465ee728b)  -> (artifact id: 'f8c46d8d580790718105ca8f8ae24b27') in 0.013747 seconds 
  Import took 0.019111 seconds .

========================================================================
Received Import Request.
  Time since last request: 0.000179 seconds.
  path: Assets/Sprites/enemy-health-border.png
  artifactKey: Guid(2956a1ea8fa7a7443993aa9c86c27acd) Importer(815301076,1909f56bfc062723c751e8b465ee728b)
Start importing Assets/Sprites/enemy-health-border.png using Guid(2956a1ea8fa7a7443993aa9c86c27acd) Importer(815301076,1909f56bfc062723c751e8b465ee728b)  -> (artifact id: '9463ddb7a84171bffb4d14299264bd1c') in 0.011967 seconds 
  Import took 0.017639 seconds .

========================================================================
Received Import Request.
  Time since last request: 0.000210 seconds.
  path: Assets/Sprites/enemy-health-bar.png
  artifactKey: Guid(7d28d0a4fe1425e44b2938b696f3bfec) Importer(815301076,1909f56bfc062723c751e8b465ee728b)
Start importing Assets/Sprites/enemy-health-bar.png using Guid(7d28d0a4fe1425e44b2938b696f3bfec) Importer(815301076,1909f56bfc062723c751e8b465ee728b)  -> (artifact id: 'ae83db8e1a83b1275f0ea03071b076d9') in 0.011712 seconds 
  Import took 0.017536 seconds .

========================================================================
Received Import Request.
  Time since last request: 0.000181 seconds.
  path: Assets/Sprites/map-enemy.png
  artifactKey: Guid(6fcc7374c747a2c44afccb82696f2e2b) Importer(815301076,1909f56bfc062723c751e8b465ee728b)
Start importing Assets/Sprites/map-enemy.png using Guid(6fcc7374c747a2c44afccb82696f2e2b) Importer(815301076,1909f56bfc062723c751e8b465ee728b)  -> (artifact id: 'ca8b67c5104e9e7edb947648d82bcb69') in 0.013604 seconds 
  Import took 0.019734 seconds .

========================================================================
Received Import Request.
  Time since last request: 0.000173 seconds.
  path: Assets/Sprites/map-player.png
  artifactKey: Guid(2e808b35cb9dc454cbcf07b5063961b5) Importer(815301076,1909f56bfc062723c751e8b465ee728b)
Start importing Assets/Sprites/map-player.png using Guid(2e808b35cb9dc454cbcf07b5063961b5) Importer(815301076,1909f56bfc062723c751e8b465ee728b)  -> (artifact id: 'b7c2f823e7bd4cfcac79db147a04c4c6') in 0.014741 seconds 
  Import took 0.020265 seconds .

========================================================================
Received Import Request.
  Time since last request: 0.000183 seconds.
  path: Assets/Sprites/score.png
  artifactKey: Guid(275922cba5ad7db418c39f0a3b562e31) Importer(815301076,1909f56bfc062723c751e8b465ee728b)
Start importing Assets/Sprites/score.png using Guid(275922cba5ad7db418c39f0a3b562e31) Importer(815301076,1909f56bfc062723c751e8b465ee728b)  -> (artifact id: '981c0ad84c246f3117052710d2f4ffd9') in 0.015013 seconds 
  Import took 0.020799 seconds .

========================================================================
Received Import Request.
  Time since last request: 0.000204 seconds.
  path: Assets/Sprites/Weapon-icon.png
  artifactKey: Guid(db72185c048062047bd8327abde55429) Importer(815301076,1909f56bfc062723c751e8b465ee728b)
Start importing Assets/Sprites/Weapon-icon.png using Guid(db72185c048062047bd8327abde55429) Importer(815301076,1909f56bfc062723c751e8b465ee728b)  -> (artifact id: 'd1c36ad3c9ca8fee154cbeca63f4e227') in 0.014711 seconds 
  Import took 0.021279 seconds .

========================================================================
Received Import Request.
  Time since last request: 0.000178 seconds.
  path: Assets/Sprites/weapons.png
  artifactKey: Guid(ef461edc481c5784d938bb84dc70d96e) Importer(815301076,1909f56bfc062723c751e8b465ee728b)
Start importing Assets/Sprites/weapons.png using Guid(ef461edc481c5784d938bb84dc70d96e) Importer(815301076,1909f56bfc062723c751e8b465ee728b)  -> (artifact id: '1a88582ddeedbea87fd6f50c1331e831') in 0.015057 seconds 
  Import took 0.020883 seconds .

========================================================================
Received Import Request.
  Time since last request: 0.000193 seconds.
  path: Assets/Sprites/HP-bar.png
  artifactKey: Guid(a20417fd03d7f504d8dbf3767a36ee5d) Importer(815301076,1909f56bfc062723c751e8b465ee728b)
Start importing Assets/Sprites/HP-bar.png using Guid(a20417fd03d7f504d8dbf3767a36ee5d) Importer(815301076,1909f56bfc062723c751e8b465ee728b)  -> (artifact id: '1d7aa71eaf50ace17a860790fe40aee1') in 0.014129 seconds 
  Import took 0.020064 seconds .

========================================================================
Received Import Request.
  Time since last request: 0.000208 seconds.
  path: Assets/Sprites/HP-border.png
  artifactKey: Guid(fea4a30b63530ab4fbfae91ce5b8ffab) Importer(815301076,1909f56bfc062723c751e8b465ee728b)
Start importing Assets/Sprites/HP-border.png using Guid(fea4a30b63530ab4fbfae91ce5b8ffab) Importer(815301076,1909f56bfc062723c751e8b465ee728b)  -> (artifact id: '7e3dca023ab342ee72e4c119a39d3ef6') in 0.015192 seconds 
  Import took 0.021736 seconds .

========================================================================
Received Import Request.
  Time since last request: 0.000196 seconds.
  path: Assets/Sprites/HP-kit.png
  artifactKey: Guid(4d1495b95b9533540a697af65f7ff4bf) Importer(815301076,1909f56bfc062723c751e8b465ee728b)
Start importing Assets/Sprites/HP-kit.png using Guid(4d1495b95b9533540a697af65f7ff4bf) Importer(815301076,1909f56bfc062723c751e8b465ee728b)  -> (artifact id: '041d817bb82f90c5d1c37b1a98bcf3d9') in 0.015070 seconds 
  Import took 0.020693 seconds .

========================================================================
Received Import Request.
  Time since last request: 0.000190 seconds.
  path: Assets/Sprites/map.png
  artifactKey: Guid(b8ea61cabb5832b4891a9b92fbd53a36) Importer(815301076,1909f56bfc062723c751e8b465ee728b)
Start importing Assets/Sprites/map.png using Guid(b8ea61cabb5832b4891a9b92fbd53a36) Importer(815301076,1909f56bfc062723c751e8b465ee728b)  -> (artifact id: '79aa3c114d3740fc11fe66caf095121d') in 0.018230 seconds 
  Import took 0.023710 seconds .

========================================================================
Received Import Request.
  Time since last request: 0.000197 seconds.
  path: Assets/Sprites/wave-counter.png
  artifactKey: Guid(3c0eeed3fd6473343a8d999b4d05911f) Importer(815301076,1909f56bfc062723c751e8b465ee728b)
Start importing Assets/Sprites/wave-counter.png using Guid(3c0eeed3fd6473343a8d999b4d05911f) Importer(815301076,1909f56bfc062723c751e8b465ee728b)  -> (artifact id: 'bb7fdc6157299ac6f8244de5051d2619') in 0.015014 seconds 
  Import took 0.020274 seconds .

========================================================================
Received Import Request.
  Time since last request: 764.137104 seconds.
  path: Assets/Fonts
  artifactKey: Guid(c84dfdf10160b29458b019f912278e0c) Importer(815301076,1909f56bfc062723c751e8b465ee728b)
Start importing Assets/Fonts using Guid(c84dfdf10160b29458b019f912278e0c) Importer(815301076,1909f56bfc062723c751e8b465ee728b)  -> (artifact id: '9f1278d4d45c63ba8048bace72f54ebe') in 0.008032 seconds 
  Import took 0.014956 seconds .

========================================================================
Received Import Request.
  Time since last request: 12.095213 seconds.
  path: Assets/Fonts/RoboltBattery-OriginalRegular.ttf
  artifactKey: Guid(cea5c8e31e8717740b6da5cb5fbe1bb3) Importer(815301076,1909f56bfc062723c751e8b465ee728b)
Start importing Assets/Fonts/RoboltBattery-OriginalRegular.ttf using Guid(cea5c8e31e8717740b6da5cb5fbe1bb3) Importer(815301076,1909f56bfc062723c751e8b465ee728b)  -> (artifact id: '8731e78fb74fbfa325cd163dcbf230e1') in 0.126639 seconds 
  Import took 0.132685 seconds .

========================================================================
Received Import Request.
  Time since last request: 587.912319 seconds.
  path: Assets/Scripts/UniversalRenderPipelineAsset.asset
  artifactKey: Guid(881047e5a071c4e45893f2867a44a7e2) Importer(815301076,1909f56bfc062723c751e8b465ee728b)
Start importing Assets/Scripts/UniversalRenderPipelineAsset.asset using Guid(881047e5a071c4e45893f2867a44a7e2) Importer(815301076,1909f56bfc062723c751e8b465ee728b)  -> (artifact id: '1bef203ee040cc00656f322b44121dfc') in 0.007388 seconds 
  Import took 0.013810 seconds .

========================================================================
Received Import Request.
  Time since last request: 0.000230 seconds.
  path: Assets/Scripts/UniversalRenderPipelineAsset_Renderer.asset
  artifactKey: Guid(4472598f97e17f04b8c3f33d63b17949) Importer(815301076,1909f56bfc062723c751e8b465ee728b)
Start importing Assets/Scripts/UniversalRenderPipelineAsset_Renderer.asset using Guid(4472598f97e17f04b8c3f33d63b17949) Importer(815301076,1909f56bfc062723c751e8b465ee728b)  -> (artifact id: 'bca71ae737d030d95ac1ac96083ea105') in 0.007591 seconds 
  Import took 0.012962 seconds .

========================================================================
Received Import Request.
  Time since last request: 1849.153774 seconds.
  path: Assets/Materials/Ant (1).fbx
  artifactKey: Guid(28e6b02b887573647a42257dcb31c848) Importer(815301076,1909f56bfc062723c751e8b465ee728b)
Start importing Assets/Materials/Ant (1).fbx using Guid(28e6b02b887573647a42257dcb31c848) Importer(815301076,1909f56bfc062723c751e8b465ee728b)  -> (artifact id: '15dc4b3cd6b282c7514bf89bd5cfbe28') in 0.095307 seconds 
  Import took 0.101284 seconds .

========================================================================
Received Import Request.
  Time since last request: 0.000225 seconds.
  path: Assets/Materials/Bullet Hole.mat
  artifactKey: Guid(353da74a5759546e782c34389da9154b) Importer(815301076,1909f56bfc062723c751e8b465ee728b)
Start importing Assets/Materials/Bullet Hole.mat using Guid(353da74a5759546e782c34389da9154b) Importer(815301076,1909f56bfc062723c751e8b465ee728b)  -> (artifact id: '4d330cd6b77774dd0542ba3339417f46') in 0.026008 seconds 
  Import took 0.033097 seconds .

========================================================================
Received Import Request.
  Time since last request: 0.000229 seconds.
  path: Assets/Materials/Wall.mat
  artifactKey: Guid(152f93e8f8f804c8c930edd1e7746596) Importer(815301076,1909f56bfc062723c751e8b465ee728b)
Start importing Assets/Materials/Wall.mat using Guid(152f93e8f8f804c8c930edd1e7746596) Importer(815301076,1909f56bfc062723c751e8b465ee728b)  -> (artifact id: '5cb608d30c9ead01165de50307d01dd0') in 0.014270 seconds 
  Import took 0.019624 seconds .

========================================================================
Received Import Request.
  Time since last request: 0.000175 seconds.
  path: Assets/Materials/mat_Probuilder.mat
  artifactKey: Guid(ab85c7675316a4157a1501c251a71d36) Importer(815301076,1909f56bfc062723c751e8b465ee728b)
Start importing Assets/Materials/mat_Probuilder.mat using Guid(ab85c7675316a4157a1501c251a71d36) Importer(815301076,1909f56bfc062723c751e8b465ee728b)  -> (artifact id: '2f4fdaa211cd873913a3bb79c8d9012c') in 0.013692 seconds 
  Import took 0.019419 seconds .

========================================================================
Received Import Request.
  Time since last request: 0.000258 seconds.
  path: Assets/Materials/PlayerCapsule.mat
  artifactKey: Guid(074bec4685a7948fbb8eb395b35c8025) Importer(815301076,1909f56bfc062723c751e8b465ee728b)
Start importing Assets/Materials/PlayerCapsule.mat using Guid(074bec4685a7948fbb8eb395b35c8025) Importer(815301076,1909f56bfc062723c751e8b465ee728b)  -> (artifact id: 'd06dd31e1e581580e40b6d0a4c4af088') in 0.014287 seconds 
  Import took 0.019916 seconds .

========================================================================
Received Import Request.
  Time since last request: 0.000325 seconds.
  path: Assets/Materials/mat_Probuilder 1.mat
  artifactKey: Guid(971420a1a592b411e98931153205854b) Importer(815301076,1909f56bfc062723c751e8b465ee728b)
Start importing Assets/Materials/mat_Probuilder 1.mat using Guid(971420a1a592b411e98931153205854b) Importer(815301076,1909f56bfc062723c751e8b465ee728b)  -> (artifact id: 'dd94f254285404fbadc5fbe34421680a') in 0.014531 seconds 
  Import took 0.020328 seconds .

========================================================================
Received Import Request.
  Time since last request: 0.000229 seconds.
  path: Assets/Materials/EnemyCapsule.mat
  artifactKey: Guid(344f6d605338d1342835472c2f96c428) Importer(815301076,1909f56bfc062723c751e8b465ee728b)
Start importing Assets/Materials/EnemyCapsule.mat using Guid(344f6d605338d1342835472c2f96c428) Importer(815301076,1909f56bfc062723c751e8b465ee728b)  -> (artifact id: '404145f5382c51e36cf54651b4b03af4') in 0.013733 seconds 
  Import took 0.019748 seconds .

========================================================================
Received Import Request.
  Time since last request: 0.000200 seconds.
  path: Assets/Materials/Lazer_Green.mat
  artifactKey: Guid(88b0382cde34c4a069d72ae69c2109ea) Importer(815301076,1909f56bfc062723c751e8b465ee728b)
Start importing Assets/Materials/Lazer_Green.mat using Guid(88b0382cde34c4a069d72ae69c2109ea) Importer(815301076,1909f56bfc062723c751e8b465ee728b)  -> (artifact id: '36ee6708d443ce22f10148e90fa8bbbc') in 0.015464 seconds 
  Import took 0.021171 seconds .

========================================================================
Received Import Request.
  Time since last request: 0.000221 seconds.
  path: Assets/Materials/Floor.mat
  artifactKey: Guid(be7808f62d1be4c98a1a1d900cbde1c8) Importer(815301076,1909f56bfc062723c751e8b465ee728b)
Start importing Assets/Materials/Floor.mat using Guid(be7808f62d1be4c98a1a1d900cbde1c8) Importer(815301076,1909f56bfc062723c751e8b465ee728b)  -> (artifact id: '9a20738f8890f8b1cd3c9eb909b14fa8') in 0.013109 seconds 
  Import took 0.019472 seconds .

========================================================================
Received Import Request.
  Time since last request: 8.168314 seconds.
  path: Assets/Materials
  artifactKey: Guid(0f6875d9e1a204f228e97ecfc929f39b) Importer(815301076,1909f56bfc062723c751e8b465ee728b)
Start importing Assets/Materials using Guid(0f6875d9e1a204f228e97ecfc929f39b) Importer(815301076,1909f56bfc062723c751e8b465ee728b)  -> (artifact id: '223b05f7cdb160c82666102c82d0a39b') in 0.012576 seconds 
  Import took 0.018790 seconds .

========================================================================
Received Prepare
Registering precompiled user dll's ...
Registered in 0.004864 seconds.
Begin MonoManager ReloadAssembly
Native extension for WindowsStandalone target not found
Refreshing native plugins compatible for Editor in 0.69 ms, found 2 plugins.
Preloading 0 native plugins for Editor in 0.00 ms.
Mono: successfully reloaded assembly
- Completed reload, in  1.146 seconds
Domain Reload Profiling:
	ReloadAssembly (1146ms)
		BeginReloadAssembly (111ms)
			ExecutionOrderSort (0ms)
			DisableScriptedObjects (5ms)
			BackupInstance (0ms)
			ReleaseScriptingObjects (0ms)
			CreateAndSetChildDomain (39ms)
		EndReloadAssembly (982ms)
			LoadAssemblies (81ms)
			RebuildTransferFunctionScriptingTraits (0ms)
			SetupTypeCache (290ms)
			ReleaseScriptCaches (1ms)
			RebuildScriptCaches (41ms)
			SetupLoadedEditorAssemblies (439ms)
				LogAssemblyErrors (0ms)
				InitializePlatformSupportModulesInManaged (3ms)
				SetLoadedEditorAssemblies (0ms)
				RefreshPlugins (1ms)
				BeforeProcessingInitializeOnLoad (85ms)
				ProcessInitializeOnLoadAttributes (338ms)
				ProcessInitializeOnLoadMethodAttributes (7ms)
				AfterProcessingInitializeOnLoad (5ms)
				EditorAssembliesLoaded (0ms)
			ExecutionOrderSort2 (0ms)
			AwakeInstancesAfterBackupRestoration (12ms)
Platform modules already initialized, skipping
Refreshing native plugins compatible for Editor in 0.67 ms, found 2 plugins.
Preloading 0 native plugins for Editor in 0.00 ms.
Unloading 3555 Unused Serialized files (Serialized files now loaded: 0)
System memory in use before: 172.4 MB.
System memory in use after: 172.7 MB.

Unloading 18 unused Assets to reduce memory usage. Loaded Objects now: 4290.
Total: 4.917500 ms (FindLiveObjects: 0.461600 ms CreateObjectMapping: 0.175300 ms MarkObjects: 4.251400 ms  DeleteObjects: 0.027600 ms)

AssetImportParameters requested are different than current active one (requested -> active):
  custom:framework-win-MediaFoundation: 216162199b28c13a410421893ffa2e32 -> 
  custom:video-decoder-ogg-theora: a1e56fd34408186e4bbccfd4996cb3dc -> 
  custom:container-muxer-webm: aa71ff27fc2769a1b78a27578f13a17b -> 
  custom:container-demuxer-webm: 4f35f7cbe854078d1ac9338744f61a02 -> 
  custom:container-demuxer-ogg: 62fdf1f143b41e24485cea50d1cbac27 -> 
  custom:video-encoder-webm-vp8: eb34c28f22e8b96e1ab97ce403110664 -> 
  custom:video-codec-MediaFoundation-h265: e54d7ab0439102e2317fc1e4b246158d -> 
  custom:video-decoder-webm-vp8: 9c59270c3fd7afecdb556c50c9e8de78 -> 
  custom:audio-decoder-ogg-vorbis: bf7c407c2cedff20999df2af8eb42d56 -> 
  custom:audio-encoder-webm-vorbis: bf7c407c2cedff20999df2af8eb42d56 -> 
========================================================================
Received Import Request.
  Time since last request: 12.718324 seconds.
  path: Assets/Materials/Default.mat
  artifactKey: Guid(9059a7d2bc39ccb42912cf2d5c65db2a) Importer(815301076,1909f56bfc062723c751e8b465ee728b)
Start importing Assets/Materials/Default.mat using Guid(9059a7d2bc39ccb42912cf2d5c65db2a) Importer(815301076,1909f56bfc062723c751e8b465ee728b)  -> (artifact id: 'f9b61c9d9b692123ba092c059a4464d7') in 0.146334 seconds 
  Import took 0.152838 seconds .

========================================================================
Received Import Request.
  Time since last request: 101.784576 seconds.
  path: Assets/Prefabs/Ant.prefab
  artifactKey: Guid(18e37db3826b89a488eb3fe65abd3a51) Importer(815301076,1909f56bfc062723c751e8b465ee728b)
Start importing Assets/Prefabs/Ant.prefab using Guid(18e37db3826b89a488eb3fe65abd3a51) Importer(815301076,1909f56bfc062723c751e8b465ee728b)  -> (artifact id: '9893572e692cac5ec65db0ed3cf5ba06') in 0.040383 seconds 
  Import took 0.046266 seconds .

========================================================================
Received Import Request.
  Time since last request: 0.000256 seconds.
  path: Assets/Prefabs/Arms_ani.prefab
  artifactKey: Guid(816dc12e37255794eb0d7a1268613944) Importer(815301076,1909f56bfc062723c751e8b465ee728b)
Start importing Assets/Prefabs/Arms_ani.prefab using Guid(816dc12e37255794eb0d7a1268613944) Importer(815301076,1909f56bfc062723c751e8b465ee728b)  -> (artifact id: '6a50ec1ea37b92045fbebca30a425236') in 0.018321 seconds 
  Import took 0.023619 seconds .

========================================================================
Received Import Request.
  Time since last request: 0.000243 seconds.
  path: Assets/Prefabs/Container_opened.prefab
  artifactKey: Guid(f2e0eab939b7fa245852225c905a9698) Importer(815301076,1909f56bfc062723c751e8b465ee728b)
Start importing Assets/Prefabs/Container_opened.prefab using Guid(f2e0eab939b7fa245852225c905a9698) Importer(815301076,1909f56bfc062723c751e8b465ee728b)  -> (artifact id: '5da20a26806716274e48db393d3847b2') in 0.014781 seconds 
  Import took 0.020984 seconds .

========================================================================
Received Import Request.
  Time since last request: 0.000199 seconds.
  path: Assets/Prefabs/Navigation.prefab
  artifactKey: Guid(105525ab3f3a73647aa18099e168fbbe) Importer(815301076,1909f56bfc062723c751e8b465ee728b)
Start importing Assets/Prefabs/Navigation.prefab using Guid(105525ab3f3a73647aa18099e168fbbe) Importer(815301076,1909f56bfc062723c751e8b465ee728b)  -> (artifact id: '52ba4753a6c852c9d5450694b6bdc963') in 0.011244 seconds 
  Import took 0.016575 seconds .

========================================================================
Received Import Request.
  Time since last request: 0.000242 seconds.
  path: Assets/Prefabs/Container.prefab
  artifactKey: Guid(4c5881432471abc4e857b7100753e55d) Importer(815301076,1909f56bfc062723c751e8b465ee728b)
Start importing Assets/Prefabs/Container.prefab using Guid(4c5881432471abc4e857b7100753e55d) Importer(815301076,1909f56bfc062723c751e8b465ee728b)  -> (artifact id: '9832943fc3cc8bd2de3077b410890fd7') in 0.013739 seconds 
  Import took 0.019042 seconds .

========================================================================
Received Import Request.
  Time since last request: 2.105608 seconds.
  path: Assets/Prefabs/Guns
  artifactKey: Guid(c1686bb59dce54e73b0af13396f8ac60) Importer(815301076,1909f56bfc062723c751e8b465ee728b)
Start importing Assets/Prefabs/Guns using Guid(c1686bb59dce54e73b0af13396f8ac60) Importer(815301076,1909f56bfc062723c751e8b465ee728b)  -> (artifact id: '19640bd8c1a56310bfd824f8f4800680') in 0.006963 seconds 
  Import took 0.012147 seconds .

========================================================================
Received Import Request.
  Time since last request: 0.051170 seconds.
  path: Assets/Prefabs/Guns/CubePistol.prefab
  artifactKey: Guid(168166819bbf64b42aef0030f865318f) Importer(815301076,1909f56bfc062723c751e8b465ee728b)
Start importing Assets/Prefabs/Guns/CubePistol.prefab using Guid(168166819bbf64b42aef0030f865318f) Importer(815301076,1909f56bfc062723c751e8b465ee728b)  -> (artifact id: 'c2cda65b65c9b78015c7039672881e09') in 0.015191 seconds 
  Import took 0.020682 seconds .

========================================================================
Received Import Request.
  Time since last request: 0.000342 seconds.
  path: Assets/Prefabs/Guns/Pistol.prefab
  artifactKey: Guid(93a1289af9d064b95a3dba226810abe9) Importer(815301076,1909f56bfc062723c751e8b465ee728b)
Start importing Assets/Prefabs/Guns/Pistol.prefab using Guid(93a1289af9d064b95a3dba226810abe9) Importer(815301076,1909f56bfc062723c751e8b465ee728b)  -> (artifact id: 'f7f8ce7e33d0eee3d9502856b6d763bc') in 0.315217 seconds 
  Import took 0.321114 seconds .

========================================================================
Received Import Request.
  Time since last request: 23.087601 seconds.
  path: Assets/Models/Ant.fbx
  artifactKey: Guid(1340370b389071748a6e8f15c179baa5) Importer(815301076,1909f56bfc062723c751e8b465ee728b)
Start importing Assets/Models/Ant.fbx using Guid(1340370b389071748a6e8f15c179baa5) Importer(815301076,1909f56bfc062723c751e8b465ee728b)  -> (artifact id: '7d7210833be7f67675b76f502097a465') in 0.064154 seconds 
  Import took 0.069858 seconds .

========================================================================
Received Import Request.
  Time since last request: 0.000294 seconds.
  path: Assets/Models/Weapon_ani.fbx
  artifactKey: Guid(1adfd06824bfd944e8150eb7f3ca3355) Importer(815301076,1909f56bfc062723c751e8b465ee728b)
Start importing Assets/Models/Weapon_ani.fbx using Guid(1adfd06824bfd944e8150eb7f3ca3355) Importer(815301076,1909f56bfc062723c751e8b465ee728b)  -> (artifact id: '56258e2ec7074d730a94b74488743dde') in 0.035034 seconds 
  Import took 0.041214 seconds .

========================================================================
Received Import Request.
  Time since last request: 0.000184 seconds.
  path: Assets/Models/Container_opened_v3.fbx
  artifactKey: Guid(1e8032adeef38c94e91eac16082ad7db) Importer(815301076,1909f56bfc062723c751e8b465ee728b)
Start importing Assets/Models/Container_opened_v3.fbx using Guid(1e8032adeef38c94e91eac16082ad7db) Importer(815301076,1909f56bfc062723c751e8b465ee728b)  -> (artifact id: '2e1db8345e51f9b916161d8398c795f8') in 0.065889 seconds 
  Import took 0.071279 seconds .

========================================================================
Received Import Request.
  Time since last request: 0.000239 seconds.
  path: Assets/Models/Arms_ani.fbx
  artifactKey: Guid(4d199001b27e77c4db5b58eab2a8c5c4) Importer(815301076,1909f56bfc062723c751e8b465ee728b)
Start importing Assets/Models/Arms_ani.fbx using Guid(4d199001b27e77c4db5b58eab2a8c5c4) Importer(815301076,1909f56bfc062723c751e8b465ee728b)  -> (artifact id: '83f87b58c1884a43bc62cedc5b49b79e') in 0.029322 seconds 
  Import took 0.034785 seconds .

========================================================================
Received Import Request.
  Time since last request: 0.000199 seconds.
  path: Assets/Models/Container.fbx
  artifactKey: Guid(8c285f056271e8e43b32909cbaae94a0) Importer(815301076,1909f56bfc062723c751e8b465ee728b)
Start importing Assets/Models/Container.fbx using Guid(8c285f056271e8e43b32909cbaae94a0) Importer(815301076,1909f56bfc062723c751e8b465ee728b)  -> (artifact id: 'b2261102058b9e58ccc850f02cd4f2c1') in 0.028417 seconds 
  Import took 0.034187 seconds .

========================================================================
Received Import Request.
  Time since last request: 30.709429 seconds.
  path: Assets/InputSystem/PlayerControls.inputactions
  artifactKey: Guid(b14ef00d4ea8041258de376b0b5c555f) Importer(815301076,1909f56bfc062723c751e8b465ee728b)
Start importing Assets/InputSystem/PlayerControls.inputactions using Guid(b14ef00d4ea8041258de376b0b5c555f) Importer(815301076,1909f56bfc062723c751e8b465ee728b)  -> (artifact id: 'b9928f80687ef594230e0b687e6bd5bd') in 0.015057 seconds 
  Import took 0.021358 seconds .

========================================================================
Received Import Request.
  Time since last request: 34.495859 seconds.
  path: Assets/Prefabs/Projectiles/CubePistolBullet.prefab
  artifactKey: Guid(4116761365faf41418d270e9f9679c06) Importer(815301076,1909f56bfc062723c751e8b465ee728b)
Start importing Assets/Prefabs/Projectiles/CubePistolBullet.prefab using Guid(4116761365faf41418d270e9f9679c06) Importer(815301076,1909f56bfc062723c751e8b465ee728b)  -> (artifact id: '4be8cab2aa06d1e34aa4ccd559a7163f') in 0.014091 seconds 
  Import took 0.023017 seconds .

========================================================================
Received Import Request.
  Time since last request: 0.000203 seconds.
  path: Assets/Sci-Fi Weapons/Base Pack/Pistol/Materials/Pistol_01.mat
  artifactKey: Guid(1ef9f13312977a647a4c93fed87712db) Importer(815301076,1909f56bfc062723c751e8b465ee728b)
Start importing Assets/Sci-Fi Weapons/Base Pack/Pistol/Materials/Pistol_01.mat using Guid(1ef9f13312977a647a4c93fed87712db) Importer(815301076,1909f56bfc062723c751e8b465ee728b)  -> (artifact id: '0dbf520a7370781fd856684aa72a5c99') in 0.026194 seconds 
  Import took 0.032665 seconds .

========================================================================
Received Import Request.
  Time since last request: 0.000423 seconds.
  path: Assets/Sci-Fi Weapons/Base Pack/Pistol/Textures/Variation 01/Pistol_01_Metallic.png
  artifactKey: Guid(f5897e4763b467f46806815b8c34c582) Importer(815301076,1909f56bfc062723c751e8b465ee728b)
Start importing Assets/Sci-Fi Weapons/Base Pack/Pistol/Textures/Variation 01/Pistol_01_Metallic.png using Guid(f5897e4763b467f46806815b8c34c582) Importer(815301076,1909f56bfc062723c751e8b465ee728b)  -> (artifact id: '310270aaca0f420c433b2a0744d6abeb') in 0.023072 seconds 
  Import took 0.028778 seconds .

========================================================================
Received Import Request.
  Time since last request: 0.000171 seconds.
  path: Assets/Sci-Fi Weapons/Base Pack/Pistol/Textures/Shared/Pistol_Normal.png
  artifactKey: Guid(0817fdd74e0b43542bd3c0525fab3d46) Importer(815301076,1909f56bfc062723c751e8b465ee728b)
Start importing Assets/Sci-Fi Weapons/Base Pack/Pistol/Textures/Shared/Pistol_Normal.png using Guid(0817fdd74e0b43542bd3c0525fab3d46) Importer(815301076,1909f56bfc062723c751e8b465ee728b)  -> (artifact id: 'e5c4a40d9ec8d0599661b606b51fa2c4') in 0.017323 seconds 
  Import took 0.023844 seconds .

========================================================================
Received Import Request.
  Time since last request: 0.000178 seconds.
  path: Assets/Sci-Fi Weapons/Base Pack/Pistol/Textures/Shared/Pistol_Occlusion.png
  artifactKey: Guid(2217b3d2246bee840ac3077010e6b15e) Importer(815301076,1909f56bfc062723c751e8b465ee728b)
Start importing Assets/Sci-Fi Weapons/Base Pack/Pistol/Textures/Shared/Pistol_Occlusion.png using Guid(2217b3d2246bee840ac3077010e6b15e) Importer(815301076,1909f56bfc062723c751e8b465ee728b)  -> (artifact id: '5da875893ff0d7db623217b3338e5f16') in 0.014161 seconds 
  Import took 0.019892 seconds .

========================================================================
Received Import Request.
  Time since last request: 0.000199 seconds.
  path: Assets/Sci-Fi Weapons/Base Pack/Pistol/Textures/Shared/Pistol_Emission.png
  artifactKey: Guid(aff6a540b2a29834783b2e12b4689c0a) Importer(815301076,1909f56bfc062723c751e8b465ee728b)
Start importing Assets/Sci-Fi Weapons/Base Pack/Pistol/Textures/Shared/Pistol_Emission.png using Guid(aff6a540b2a29834783b2e12b4689c0a) Importer(815301076,1909f56bfc062723c751e8b465ee728b)  -> (artifact id: 'b93a697fb5be618e94d0a8c9883e6ede') in 0.012651 seconds 
  Import took 0.019059 seconds .

========================================================================
Received Import Request.
  Time since last request: 0.000306 seconds.
  path: Assets/Sci-Fi Weapons/Base Pack/Pistol/Textures/Variation 01/Pistol_01_Albedo.png
  artifactKey: Guid(e53c890987fd9ef49a7deea237a3e1f8) Importer(815301076,1909f56bfc062723c751e8b465ee728b)
Start importing Assets/Sci-Fi Weapons/Base Pack/Pistol/Textures/Variation 01/Pistol_01_Albedo.png using Guid(e53c890987fd9ef49a7deea237a3e1f8) Importer(815301076,1909f56bfc062723c751e8b465ee728b)  -> (artifact id: 'db9d65cd2f5e632256085455eb49736f') in 0.014124 seconds 
  Import took 0.019725 seconds .

========================================================================
Received Import Request.
  Time since last request: 0.000215 seconds.
  path: Assets/Sci-Fi Weapons/Base Pack/Pistol/Pistol.fbx
  artifactKey: Guid(cc34ae6a7e465584aa9e4dcc48852048) Importer(815301076,1909f56bfc062723c751e8b465ee728b)
Start importing Assets/Sci-Fi Weapons/Base Pack/Pistol/Pistol.fbx using Guid(cc34ae6a7e465584aa9e4dcc48852048) Importer(815301076,1909f56bfc062723c751e8b465ee728b)  -> (artifact id: '5231e25ebde3665407b53f2216e2480e') in 0.089364 seconds 
  Import took 0.095053 seconds .

========================================================================
Received Import Request.
  Time since last request: 0.000181 seconds.
  path: Assets/Sci-Fi Weapons/Base Pack/Prefabs/Pistol/Pistol_01.prefab
  artifactKey: Guid(57bf5071e0a1c8947b8918a8f96184a6) Importer(815301076,1909f56bfc062723c751e8b465ee728b)
Start importing Assets/Sci-Fi Weapons/Base Pack/Prefabs/Pistol/Pistol_01.prefab using Guid(57bf5071e0a1c8947b8918a8f96184a6) Importer(815301076,1909f56bfc062723c751e8b465ee728b)  -> (artifact id: 'b8fb12553af86d7f12199c54d52b525c') in 0.025593 seconds 
  Import took 0.032218 seconds .

========================================================================
Received Import Request.
  Time since last request: 16.419169 seconds.
  path: Assets/Sci-Fi Weapons/Base Pack/Prefabs/Pistol
  artifactKey: Guid(ff710ff0c10e3b645b9f090e77ab809d) Importer(815301076,1909f56bfc062723c751e8b465ee728b)
Start importing Assets/Sci-Fi Weapons/Base Pack/Prefabs/Pistol using Guid(ff710ff0c10e3b645b9f090e77ab809d) Importer(815301076,1909f56bfc062723c751e8b465ee728b)  -> (artifact id: 'b396022c62e10b4d2d6dacde9a3bf5ac') in 0.002098 seconds 
  Import took 0.008091 seconds .

========================================================================
Received Import Request.
  Time since last request: 4.129880 seconds.
  path: Assets/Sci-Fi Weapons/Base Pack/Ground.mat
  artifactKey: Guid(b735f57067182b14f809e132ac0a6536) Importer(815301076,1909f56bfc062723c751e8b465ee728b)
Start importing Assets/Sci-Fi Weapons/Base Pack/Ground.mat using Guid(b735f57067182b14f809e132ac0a6536) Importer(815301076,1909f56bfc062723c751e8b465ee728b)  -> (artifact id: 'eaf38f04a66f2bf39a433d27feebd900') in 0.218952 seconds 
  Import took 0.224439 seconds .

========================================================================
Received Import Request.
  Time since last request: 5.595925 seconds.
  path: Assets/Sci-Fi Weapons/Base Pack/Pistol
  artifactKey: Guid(01f0bd09e02fb3445aac5a296ea073a7) Importer(815301076,1909f56bfc062723c751e8b465ee728b)
Start importing Assets/Sci-Fi Weapons/Base Pack/Pistol using Guid(01f0bd09e02fb3445aac5a296ea073a7) Importer(815301076,1909f56bfc062723c751e8b465ee728b)  -> (artifact id: '87588d024e9d89523b25d74e96da005b') in 0.002059 seconds 
  Import took 0.008482 seconds .

========================================================================
Received Import Request.
  Time since last request: 2.186656 seconds.
  path: Assets/Sci-Fi Weapons/Base Pack/Pistol/Materials
  artifactKey: Guid(7eb746e8ac54f1a4aa796e3c33e5db27) Importer(815301076,1909f56bfc062723c751e8b465ee728b)
Start importing Assets/Sci-Fi Weapons/Base Pack/Pistol/Materials using Guid(7eb746e8ac54f1a4aa796e3c33e5db27) Importer(815301076,1909f56bfc062723c751e8b465ee728b)  -> (artifact id: '03cce8d8a3fbd6e6c7df533600bcd987') in 0.002230 seconds 
  Import took 0.008395 seconds .

========================================================================
Received Import Request.
  Time since last request: 0.026920 seconds.
  path: Assets/Sci-Fi Weapons/Base Pack/Pistol/Materials/UV_mapper.mat
  artifactKey: Guid(33d70b23a1666474ba28b018fc22adda) Importer(815301076,1909f56bfc062723c751e8b465ee728b)
Start importing Assets/Sci-Fi Weapons/Base Pack/Pistol/Materials/UV_mapper.mat using Guid(33d70b23a1666474ba28b018fc22adda) Importer(815301076,1909f56bfc062723c751e8b465ee728b)  -> (artifact id: '892d0bf3e110a03cd2a45963c359c3d4') in 0.018949 seconds 
  Import took 0.024577 seconds .

========================================================================
Received Import Request.
  Time since last request: 3.081584 seconds.
  path: Assets/Sci-Fi Weapons/Base Pack/Pistol/Textures
  artifactKey: Guid(a50cf5b2d6d53bb43a6a0abfcd10ee1b) Importer(815301076,1909f56bfc062723c751e8b465ee728b)
Start importing Assets/Sci-Fi Weapons/Base Pack/Pistol/Textures using Guid(a50cf5b2d6d53bb43a6a0abfcd10ee1b) Importer(815301076,1909f56bfc062723c751e8b465ee728b)  -> (artifact id: '093740560a17c78800cffb73900f8135') in 0.006070 seconds 
  Import took 0.012536 seconds .

========================================================================
Received Prepare
Registering precompiled user dll's ...
Registered in 0.004638 seconds.
Begin MonoManager ReloadAssembly
Native extension for WindowsStandalone target not found
Refreshing native plugins compatible for Editor in 0.70 ms, found 2 plugins.
Preloading 0 native plugins for Editor in 0.00 ms.
Mono: successfully reloaded assembly
- Completed reload, in  1.208 seconds
Domain Reload Profiling:
	ReloadAssembly (1208ms)
		BeginReloadAssembly (121ms)
			ExecutionOrderSort (0ms)
			DisableScriptedObjects (6ms)
			BackupInstance (0ms)
			ReleaseScriptingObjects (0ms)
			CreateAndSetChildDomain (44ms)
		EndReloadAssembly (1032ms)
			LoadAssemblies (86ms)
			RebuildTransferFunctionScriptingTraits (0ms)
			SetupTypeCache (308ms)
			ReleaseScriptCaches (1ms)
			RebuildScriptCaches (40ms)
			SetupLoadedEditorAssemblies (446ms)
				LogAssemblyErrors (0ms)
				InitializePlatformSupportModulesInManaged (3ms)
				SetLoadedEditorAssemblies (0ms)
				RefreshPlugins (1ms)
				BeforeProcessingInitializeOnLoad (85ms)
				ProcessInitializeOnLoadAttributes (343ms)
				ProcessInitializeOnLoadMethodAttributes (8ms)
				AfterProcessingInitializeOnLoad (5ms)
				EditorAssembliesLoaded (0ms)
			ExecutionOrderSort2 (0ms)
			AwakeInstancesAfterBackupRestoration (13ms)
Platform modules already initialized, skipping
Refreshing native plugins compatible for Editor in 0.72 ms, found 2 plugins.
Preloading 0 native plugins for Editor in 0.00 ms.
Unloading 3553 Unused Serialized files (Serialized files now loaded: 0)
System memory in use before: 173.3 MB.
System memory in use after: 173.5 MB.

Unloading 19 unused Assets to reduce memory usage. Loaded Objects now: 4333.
Total: 5.019700 ms (FindLiveObjects: 0.501300 ms CreateObjectMapping: 0.237100 ms MarkObjects: 4.251400 ms  DeleteObjects: 0.028000 ms)

AssetImportParameters requested are different than current active one (requested -> active):
  custom:framework-win-MediaFoundation: 216162199b28c13a410421893ffa2e32 -> 
  custom:video-decoder-ogg-theora: a1e56fd34408186e4bbccfd4996cb3dc -> 
  custom:container-muxer-webm: aa71ff27fc2769a1b78a27578f13a17b -> 
  custom:container-demuxer-webm: 4f35f7cbe854078d1ac9338744f61a02 -> 
  custom:container-demuxer-ogg: 62fdf1f143b41e24485cea50d1cbac27 -> 
  custom:video-encoder-webm-vp8: eb34c28f22e8b96e1ab97ce403110664 -> 
  custom:video-codec-MediaFoundation-h265: e54d7ab0439102e2317fc1e4b246158d -> 
  custom:video-decoder-webm-vp8: 9c59270c3fd7afecdb556c50c9e8de78 -> 
  custom:audio-decoder-ogg-vorbis: bf7c407c2cedff20999df2af8eb42d56 -> 
  custom:audio-encoder-webm-vorbis: bf7c407c2cedff20999df2af8eb42d56 -> 
========================================================================
Received Import Request.
  Time since last request: 71.583637 seconds.
  path: Assets/Prefabs/Guns/CubePistol.prefab
  artifactKey: Guid(168166819bbf64b42aef0030f865318f) Importer(815301076,1909f56bfc062723c751e8b465ee728b)
Start importing Assets/Prefabs/Guns/CubePistol.prefab using Guid(168166819bbf64b42aef0030f865318f) Importer(815301076,1909f56bfc062723c751e8b465ee728b)  -> (artifact id: '964c761ddebd1ce51979f2701af43663') in 0.135659 seconds 
  Import took 0.141354 seconds .

========================================================================
Received Import Request.
  Time since last request: 11.436177 seconds.
  path: Assets/Prefabs/Misc/Bullet Hole.prefab
  artifactKey: Guid(424d37f127e0e4cf98a2605cdf4be7c4) Importer(815301076,1909f56bfc062723c751e8b465ee728b)
Start importing Assets/Prefabs/Misc/Bullet Hole.prefab using Guid(424d37f127e0e4cf98a2605cdf4be7c4) Importer(815301076,1909f56bfc062723c751e8b465ee728b)  -> (artifact id: '90466c193a99e08b7a580518f74cebf7') in 0.012776 seconds 
  Import took 0.018276 seconds .

========================================================================
Received Import Request.
  Time since last request: 0.515524 seconds.
  path: Assets/Prefabs/Projectiles/P_Bullet.prefab
  artifactKey: Guid(51d1e898f922e4256b5c40b4470de322) Importer(815301076,1909f56bfc062723c751e8b465ee728b)
Start importing Assets/Prefabs/Projectiles/P_Bullet.prefab using Guid(51d1e898f922e4256b5c40b4470de322) Importer(815301076,1909f56bfc062723c751e8b465ee728b)  -> (artifact id: '5db9124dd50cac03feaac0f59639890b') in 0.020627 seconds 
  Import took 0.026704 seconds .

========================================================================
Received Prepare
Registering precompiled user dll's ...
Registered in 0.004780 seconds.
Begin MonoManager ReloadAssembly
Native extension for WindowsStandalone target not found
Refreshing native plugins compatible for Editor in 0.71 ms, found 2 plugins.
Preloading 0 native plugins for Editor in 0.00 ms.
Mono: successfully reloaded assembly
- Completed reload, in  1.185 seconds
Domain Reload Profiling:
	ReloadAssembly (1186ms)
		BeginReloadAssembly (112ms)
			ExecutionOrderSort (0ms)
			DisableScriptedObjects (6ms)
			BackupInstance (0ms)
			ReleaseScriptingObjects (0ms)
			CreateAndSetChildDomain (39ms)
		EndReloadAssembly (1017ms)
			LoadAssemblies (84ms)
			RebuildTransferFunctionScriptingTraits (0ms)
			SetupTypeCache (294ms)
			ReleaseScriptCaches (1ms)
			RebuildScriptCaches (46ms)
			SetupLoadedEditorAssemblies (458ms)
				LogAssemblyErrors (0ms)
				InitializePlatformSupportModulesInManaged (3ms)
				SetLoadedEditorAssemblies (0ms)
				RefreshPlugins (1ms)
				BeforeProcessingInitializeOnLoad (91ms)
				ProcessInitializeOnLoadAttributes (349ms)
				ProcessInitializeOnLoadMethodAttributes (7ms)
				AfterProcessingInitializeOnLoad (6ms)
				EditorAssembliesLoaded (0ms)
			ExecutionOrderSort2 (0ms)
			AwakeInstancesAfterBackupRestoration (13ms)
Platform modules already initialized, skipping
Refreshing native plugins compatible for Editor in 0.69 ms, found 2 plugins.
Preloading 0 native plugins for Editor in 0.00 ms.
Unloading 3553 Unused Serialized files (Serialized files now loaded: 0)
System memory in use before: 173.5 MB.
System memory in use after: 173.8 MB.

Unloading 18 unused Assets to reduce memory usage. Loaded Objects now: 4371.
Total: 5.091300 ms (FindLiveObjects: 0.445200 ms CreateObjectMapping: 0.175200 ms MarkObjects: 4.445200 ms  DeleteObjects: 0.024000 ms)

AssetImportParameters requested are different than current active one (requested -> active):
  custom:framework-win-MediaFoundation: 216162199b28c13a410421893ffa2e32 -> 
  custom:video-decoder-ogg-theora: a1e56fd34408186e4bbccfd4996cb3dc -> 
  custom:container-muxer-webm: aa71ff27fc2769a1b78a27578f13a17b -> 
  custom:container-demuxer-webm: 4f35f7cbe854078d1ac9338744f61a02 -> 
  custom:container-demuxer-ogg: 62fdf1f143b41e24485cea50d1cbac27 -> 
  custom:video-encoder-webm-vp8: eb34c28f22e8b96e1ab97ce403110664 -> 
  custom:video-codec-MediaFoundation-h265: e54d7ab0439102e2317fc1e4b246158d -> 
  custom:video-decoder-webm-vp8: 9c59270c3fd7afecdb556c50c9e8de78 -> 
  custom:audio-decoder-ogg-vorbis: bf7c407c2cedff20999df2af8eb42d56 -> 
  custom:audio-encoder-webm-vorbis: bf7c407c2cedff20999df2af8eb42d56 -> 
========================================================================
Received Import Request.
  Time since last request: 124.062243 seconds.
  path: Assets/Prefabs/Projectiles
  artifactKey: Guid(40dab356cce514b5d960274a94bea390) Importer(815301076,1909f56bfc062723c751e8b465ee728b)
Start importing Assets/Prefabs/Projectiles using Guid(40dab356cce514b5d960274a94bea390) Importer(815301076,1909f56bfc062723c751e8b465ee728b)  -> (artifact id: 'ff7131fe0e5eb1304c478e6260b168c1') in 0.009895 seconds 
  Import took 0.015853 seconds .

========================================================================
Received Import Request.
  Time since last request: 0.013351 seconds.
  path: Assets/Prefabs/Projectiles/CubePistolBullet.prefab
  artifactKey: Guid(4116761365faf41418d270e9f9679c06) Importer(815301076,1909f56bfc062723c751e8b465ee728b)
Start importing Assets/Prefabs/Projectiles/CubePistolBullet.prefab using Guid(4116761365faf41418d270e9f9679c06) Importer(815301076,1909f56bfc062723c751e8b465ee728b)  -> (artifact id: 'dae906d18ebc920e28d0cb19f9580fe9') in 0.131457 seconds 
  Import took 0.137965 seconds .

========================================================================
Received Prepare
Registering precompiled user dll's ...
Registered in 0.004774 seconds.
Begin MonoManager ReloadAssembly
Native extension for WindowsStandalone target not found
Refreshing native plugins compatible for Editor in 0.73 ms, found 2 plugins.
Preloading 0 native plugins for Editor in 0.00 ms.
Mono: successfully reloaded assembly
- Completed reload, in  1.143 seconds
Domain Reload Profiling:
	ReloadAssembly (1143ms)
		BeginReloadAssembly (105ms)
			ExecutionOrderSort (0ms)
			DisableScriptedObjects (5ms)
			BackupInstance (0ms)
			ReleaseScriptingObjects (0ms)
			CreateAndSetChildDomain (38ms)
		EndReloadAssembly (981ms)
			LoadAssemblies (79ms)
			RebuildTransferFunctionScriptingTraits (0ms)
			SetupTypeCache (289ms)
			ReleaseScriptCaches (2ms)
			RebuildScriptCaches (43ms)
			SetupLoadedEditorAssemblies (435ms)
				LogAssemblyErrors (0ms)
				InitializePlatformSupportModulesInManaged (3ms)
				SetLoadedEditorAssemblies (0ms)
				RefreshPlugins (1ms)
				BeforeProcessingInitializeOnLoad (87ms)
				ProcessInitializeOnLoadAttributes (329ms)
				ProcessInitializeOnLoadMethodAttributes (8ms)
				AfterProcessingInitializeOnLoad (5ms)
				EditorAssembliesLoaded (0ms)
			ExecutionOrderSort2 (0ms)
			AwakeInstancesAfterBackupRestoration (13ms)
Platform modules already initialized, skipping
Refreshing native plugins compatible for Editor in 0.68 ms, found 2 plugins.
Preloading 0 native plugins for Editor in 0.00 ms.
Unloading 3553 Unused Serialized files (Serialized files now loaded: 0)
System memory in use before: 173.7 MB.
System memory in use after: 173.9 MB.

Unloading 18 unused Assets to reduce memory usage. Loaded Objects now: 4409.
Total: 4.656800 ms (FindLiveObjects: 0.469900 ms CreateObjectMapping: 0.179400 ms MarkObjects: 3.983500 ms  DeleteObjects: 0.021900 ms)

AssetImportParameters requested are different than current active one (requested -> active):
  custom:framework-win-MediaFoundation: 216162199b28c13a410421893ffa2e32 -> 
  custom:video-decoder-ogg-theora: a1e56fd34408186e4bbccfd4996cb3dc -> 
  custom:container-muxer-webm: aa71ff27fc2769a1b78a27578f13a17b -> 
  custom:container-demuxer-webm: 4f35f7cbe854078d1ac9338744f61a02 -> 
  custom:container-demuxer-ogg: 62fdf1f143b41e24485cea50d1cbac27 -> 
  custom:video-encoder-webm-vp8: eb34c28f22e8b96e1ab97ce403110664 -> 
  custom:video-codec-MediaFoundation-h265: e54d7ab0439102e2317fc1e4b246158d -> 
  custom:video-decoder-webm-vp8: 9c59270c3fd7afecdb556c50c9e8de78 -> 
  custom:audio-decoder-ogg-vorbis: bf7c407c2cedff20999df2af8eb42d56 -> 
  custom:audio-encoder-webm-vorbis: bf7c407c2cedff20999df2af8eb42d56 -> 
AssetImportWorkerClient::OnTransportError - code=2 error=End of file
